<?xml version="1.0" encoding="UTF-8"?>
<!-- Generated by org.testng.reporters.JUnitReportReporter -->
<testsuite skipped="0" hostname="Udruzenje-PC" name="qaSandbox.test.LoginTest" tests="5" failures="0" timestamp="2021-10-17T23:58:49 CEST" time="109.779" errors="0">
  <testcase name="forgotPassword" time="26.778" classname="qaSandbox.test.LoginTest"/>
  <system-out/>
  <testcase name="forgotPasswordIncorrectEmail" time="19.606" classname="qaSandbox.test.LoginTest"/>
  <system-out/>
  <testcase name="loginWithIncorrectPassword" time="13.672" classname="qaSandbox.test.LoginTest"/>
  <system-out/>
  <testcase name="loginWithIncorrectEmail" time="25.061" classname="qaSandbox.test.LoginTest"/>
  <system-out/>
  <testcase name="loginWithCorrectData" time="24.662" classname="qaSandbox.test.LoginTest"/>
  <system-out/>
</testsuite> <!-- qaSandbox.test.LoginTest -->
