<?xml version="1.0" encoding="UTF-8"?>
<!-- Generated by org.testng.reporters.JUnitReportReporter -->
<testsuite skipped="0" hostname="Udruzenje-PC" name="qaSandbox.test.UseCaseTest" tests="3" failures="0" timestamp="2021-10-18T04:51:23 CEST" time="86.358" errors="0">
  <testcase name="add5Tests" time="45.106" classname="qaSandbox.test.UseCaseTest"/>
  <system-out/>
  <testcase name="addTestWithSameTitle" time="11.428" classname="qaSandbox.test.UseCaseTest"/>
  <system-out/>
  <testcase name="deleteCreatedTests" time="29.824" classname="qaSandbox.test.UseCaseTest"/>
  <system-out/>
</testsuite> <!-- qaSandbox.test.UseCaseTest -->
